<?xml version="1.0" encoding="UTF-8"?>
<!-- Generated by org.testng.reporters.JUnitReportReporter -->
<testsuite hostname="admin" failures="0" tests="1" name="testRunner.TestRunnerAS2" time="81.315" errors="0" timestamp="2019-12-10T04:08:53 IST" skipped="0">
  <testcase classname="testRunner.TestRunnerAS2" name="runFeature" time="81.315"/>
</testsuite> <!-- testRunner.TestRunnerAS2 -->
