<?xml version="1.0" encoding="UTF-8"?>
<!-- Generated by org.testng.reporters.JUnitReportReporter -->
<testsuite hostname="admin" failures="0" tests="1" name="testRunner.TestRunner" time="68.799" errors="0" timestamp="2019-12-10T15:20:30 IST" skipped="1">
  <testcase classname="testRunner.TestRunner" name="runFeature" time="68.799">
    <skipped/>
  </testcase> <!-- runFeature -->
</testsuite> <!-- testRunner.TestRunner -->
