<?xml version="1.0" encoding="UTF-8"?>
<!-- Generated by org.testng.reporters.JUnitReportReporter -->
<testsuite hostname="admin" failures="0" tests="1" name="testRunner.TestRunner" time="36.153" errors="0" timestamp="2019-12-10T20:31:27 IST" skipped="0">
  <testcase classname="testRunner.TestRunner" name="runFeature" time="36.153"/>
</testsuite> <!-- testRunner.TestRunner -->
