<?xml version="1.0" encoding="UTF-8"?>
<!-- Generated by org.testng.reporters.JUnitReportReporter -->
<testsuite hostname="admin" failures="0" tests="1" name="testRunner.TestRunnerAS1" time="30.168" errors="0" timestamp="2019-12-07T14:44:36 IST" skipped="0">
  <testcase classname="testRunner.TestRunnerAS1" name="runFeature" time="30.168"/>
</testsuite> <!-- testRunner.TestRunnerAS1 -->
